SF:/Users/mind/Github/pureflow/packages/pureflow/lib/src/batch.dart
DA:19,6
DA:20,3
DA:72,3
DA:74,3
DA:76,3
DA:78,9
DA:82,3
DA:88,3
DA:93,3
DA:96,6
DA:97,6
DA:98,6
DA:99,9
DA:100,6
DA:101,3
DA:112,6
DA:113,6
DA:115,6
DA:116,4
DA:122,3
DA:128,6
DA:129,6
DA:130,4
DA:131,1
LF:24
LH:24
end_of_record
SF:/Users/mind/Github/pureflow/packages/pureflow/lib/src/computed.dart
DA:129,8
DA:131,8
LF:2
LH:2
end_of_record
SF:/Users/mind/Github/pureflow/packages/pureflow/lib/src/observer.dart
DA:81,6
LF:1
LH:1
end_of_record
SF:/Users/mind/Github/pureflow/packages/pureflow/lib/src/store.dart
DA:98,10
DA:99,10
LF:2
LH:2
end_of_record
SF:/Users/mind/Github/pureflow/packages/pureflow/lib/src/transformers.dart
DA:5,3
DA:6,3
DA:7,3
DA:9,2
DA:10,2
DA:16,2
DA:17,2
DA:18,2
DA:19,2
DA:20,2
DA:24,2
DA:25,2
DA:28,4
DA:29,2
DA:30,2
DA:31,2
DA:32,2
DA:33,2
DA:37,0
DA:40,2
DA:42,2
DA:43,2
DA:45,2
DA:49,0
DA:50,0
DA:51,0
DA:52,0
DA:55,0
DA:56,0
DA:57,0
DA:58,0
DA:61,2
DA:62,2
DA:63,2
DA:64,4
DA:69,2
DA:72,2
DA:73,2
DA:79,2
DA:80,2
DA:81,2
DA:83,2
DA:87,2
DA:88,2
DA:92,4
DA:94,0
DA:97,2
DA:102,4
DA:103,2
DA:104,2
DA:105,2
DA:107,2
DA:111,0
DA:115,2
DA:116,2
DA:118,2
DA:122,0
DA:123,0
DA:124,0
DA:126,0
DA:127,0
DA:128,0
DA:130,2
DA:131,2
DA:132,0
DA:136,2
DA:139,3
DA:140,3
DA:146,3
DA:147,3
DA:148,3
DA:150,2
DA:154,3
DA:155,2
DA:156,2
DA:161,4
DA:162,2
DA:163,2
DA:164,1
DA:167,1
DA:172,0
DA:177,3
DA:178,3
DA:180,3
DA:184,0
DA:185,0
DA:186,0
DA:188,0
DA:189,0
DA:190,0
DA:192,3
DA:193,3
DA:194,1
DA:198,3
LF:94
LH:69
end_of_record
SF:/Users/mind/Github/pureflow/packages/pureflow/lib/src/common/bit_flags.dart
DA:6,15
DA:7,30
DA:9,15
DA:10,15
DA:12,15
DA:13,30
LF:6
LH:6
end_of_record
SF:/Users/mind/Github/pureflow/packages/pureflow/lib/src/internal/state/reactive_source.dart
DA:44,9
DA:46,18
DA:52,4
DA:55,4
DA:56,4
DA:63,8
DA:66,16
DA:67,8
DA:68,6
DA:70,8
DA:73,3
DA:75,5
DA:76,6
DA:77,3
DA:83,5
DA:86,5
DA:87,5
DA:90,2
DA:92,5
DA:95,2
DA:103,8
DA:105,16
DA:106,8
DA:107,10
DA:109,8
DA:112,7
DA:114,7
DA:115,7
DA:118,4
DA:120,7
DA:123,2
DA:125,7
DA:126,7
DA:135,0
DA:139,8
DA:141,8
DA:144,8
DA:145,8
DA:147,8
DA:149,8
DA:150,18
DA:151,6
DA:152,0
DA:154,12
DA:155,6
DA:156,12
DA:157,6
DA:163,8
DA:167,8
DA:173,8
DA:174,16
DA:175,8
DA:177,8
DA:178,12
DA:180,8
DA:181,8
DA:184,8
DA:192,10
DA:194,20
DA:195,30
DA:202,18
DA:203,16
DA:206,18
DA:207,16
DA:210,30
DA:218,4
DA:225,4
DA:227,1
DA:234,9
DA:237,18
DA:239,27
DA:243,9
DA:245,7
DA:246,7
DA:247,3
DA:252,9
DA:253,9
DA:254,9
LF:78
LH:76
end_of_record
SF:/Users/mind/Github/pureflow/packages/pureflow/lib/src/common/synchronous_future.dart
DA:23,15
DA:26,1
DA:27,2
DA:29,1
DA:32,8
DA:34,16
DA:35,8
DA:36,8
DA:39,1
DA:41,3
DA:43,6
DA:46,6
DA:47,9
DA:49,1
LF:14
LH:14
end_of_record
SF:/Users/mind/Github/pureflow/packages/pureflow/lib/src/implementation/state/computed_impl.dart
DA:21,8
DA:24,9
DA:42,8
DA:45,8
DA:48,8
DA:49,1
DA:53,8
DA:54,8
DA:58,8
DA:61,4
DA:65,8
DA:69,8
DA:72,8
DA:74,16
DA:75,16
DA:79,8
DA:80,2
DA:88,8
DA:91,5
DA:99,2
DA:103,6
DA:104,6
DA:105,6
DA:106,3
DA:108,6
DA:111,8
DA:112,8
DA:115,8
DA:116,3
DA:117,2
DA:122,16
DA:125,8
DA:133,16
DA:138,8
DA:143,8
DA:144,24
DA:145,6
DA:148,16
DA:149,8
DA:152,24
DA:153,4
DA:158,8
DA:160,24
DA:161,8
DA:163,6
DA:164,3
DA:179,8
DA:181,2
DA:184,8
DA:190,8
DA:191,16
DA:192,8
DA:193,16
DA:194,8
DA:195,8
DA:198,8
DA:199,8
DA:205,8
DA:206,8
DA:210,8
DA:211,8
DA:214,8
DA:215,16
DA:216,8
DA:220,7
DA:224,0
DA:226,7
DA:227,12
DA:236,8
DA:239,4
DA:247,8
DA:248,3
DA:250,4
DA:253,7
DA:256,14
DA:257,21
DA:258,7
DA:259,7
DA:260,7
DA:263,3
DA:265,6
DA:266,3
DA:267,9
DA:269,3
DA:270,6
DA:271,6
DA:272,6
DA:274,6
DA:275,3
LF:89
LH:88
end_of_record
SF:/Users/mind/Github/pureflow/packages/pureflow/lib/src/implementation/pipeline/pipeline.dart
DA:19,6
DA:22,6
DA:24,7
DA:30,6
DA:37,9
DA:39,6
DA:40,12
DA:41,6
DA:44,6
DA:47,6
DA:55,5
DA:58,10
LF:12
LH:12
end_of_record
SF:/Users/mind/Github/pureflow/packages/pureflow/lib/src/internal/pipeline/task_stream.dart
DA:17,5
DA:18,10
DA:25,6
DA:26,6
DA:29,6
DA:31,6
DA:32,18
DA:33,12
DA:36,6
DA:40,4
DA:42,4
DA:43,4
DA:44,4
DA:47,6
DA:49,6
DA:50,6
DA:51,6
DA:52,6
DA:56,4
DA:58,4
DA:59,4
DA:61,6
DA:62,3
DA:64,3
DA:67,5
DA:70,5
DA:73,10
DA:74,10
DA:77,6
DA:80,11
DA:83,3
DA:87,10
DA:88,5
DA:96,5
DA:97,5
DA:98,5
DA:100,5
DA:101,5
DA:105,4
DA:108,4
DA:109,5
DA:110,2
DA:113,4
DA:114,4
DA:117,4
DA:118,4
DA:119,4
DA:124,4
DA:125,4
DA:126,4
DA:128,4
DA:129,3
DA:130,3
DA:131,3
DA:132,3
DA:133,3
DA:139,6
DA:140,15
DA:143,3
DA:147,3
DA:151,3
DA:152,3
DA:155,3
DA:156,3
DA:157,3
LF:65
LH:65
end_of_record
SF:/Users/mind/Github/pureflow/packages/pureflow/lib/src/implementation/pipeline/pipeline_event_context.dart
DA:73,6
DA:113,6
DA:114,16
DA:116,4
DA:118,4
DA:128,3
DA:130,3
DA:131,3
DA:132,3
DA:134,12
DA:135,4
DA:137,1
DA:138,1
LF:13
LH:13
end_of_record
SF:/Users/mind/Github/pureflow/packages/pureflow/lib/src/implementation/state/store_impl.dart
DA:15,10
DA:18,9
DA:32,10
DA:38,8
DA:40,10
DA:43,10
DA:47,20
DA:50,10
DA:52,30
DA:53,4
DA:57,10
DA:58,10
DA:62,4
DA:66,10
DA:67,6
DA:68,9
DA:70,9
DA:71,9
DA:73,9
DA:79,9
DA:83,9
DA:86,4
DA:88,8
DA:89,4
DA:96,3
DA:98,9
DA:100,3
DA:102,6
DA:103,3
DA:104,9
DA:106,9
DA:107,3
LF:32
LH:32
end_of_record
SF:/Users/mind/Github/pureflow/packages/pureflow/lib/src/internal/pipeline/single_event_stream.dart
DA:23,5
DA:25,5
DA:32,5
DA:33,5
DA:34,5
DA:56,5
DA:62,10
DA:65,5
DA:66,5
DA:69,20
DA:70,5
DA:71,10
DA:72,5
DA:75,3
DA:76,3
DA:77,3
DA:83,2
DA:84,2
DA:85,2
DA:88,2
DA:89,4
DA:90,2
DA:93,1
DA:97,5
DA:101,5
DA:102,10
DA:104,5
DA:106,5
DA:107,5
DA:109,5
DA:110,10
DA:111,10
DA:114,5
DA:115,10
DA:116,5
DA:117,5
DA:119,5
DA:122,5
DA:123,5
DA:124,0
DA:125,0
DA:126,0
DA:127,0
DA:129,5
DA:131,5
DA:132,5
DA:133,5
DA:136,2
DA:140,2
DA:141,2
DA:143,2
DA:145,2
DA:146,0
DA:149,2
DA:151,2
DA:157,5
DA:159,5
DA:160,5
DA:161,10
DA:163,5
DA:164,10
DA:166,5
DA:167,10
DA:168,0
DA:169,0
DA:171,5
DA:172,5
DA:175,5
DA:176,5
DA:178,5
DA:179,5
DA:180,5
DA:183,4
DA:185,4
DA:186,4
DA:187,0
DA:189,8
DA:190,8
DA:191,4
DA:192,4
DA:195,0
DA:197,0
DA:200,0
DA:203,0
DA:205,0
DA:208,0
DA:210,0
DA:211,0
DA:212,0
DA:213,0
DA:216,0
DA:218,0
DA:219,0
DA:220,0
DA:221,0
DA:224,5
DA:226,5
DA:228,0
DA:229,0
DA:233,0
DA:234,0
DA:236,2
DA:238,2
DA:239,2
DA:240,0
DA:242,0
DA:244,0
DA:246,2
DA:248,2
DA:250,6
DA:251,4
DA:254,5
DA:255,5
DA:256,5
DA:257,5
DA:258,1
DA:259,2
DA:260,1
DA:261,1
DA:263,2
DA:264,2
DA:266,1
DA:269,2
DA:270,2
DA:271,2
DA:272,2
DA:273,0
DA:274,0
DA:275,0
DA:277,0
DA:278,0
DA:280,0
DA:289,2
DA:291,1
DA:293,2
DA:294,1
DA:295,0
DA:298,2
DA:301,0
DA:303,0
DA:304,0
LF:141
LH:101
end_of_record
SF:/Users/mind/Github/pureflow/packages/pureflow/lib/src/internal/pipeline/source_stream.dart
DA:20,6
DA:22,6
DA:29,6
DA:30,6
DA:47,6
DA:52,6
DA:55,6
DA:57,12
DA:58,12
DA:60,18
DA:61,6
DA:64,6
DA:65,18
DA:67,12
DA:70,12
DA:73,12
DA:74,5
DA:79,18
DA:80,18
DA:81,18
DA:86,15
DA:88,10
DA:90,5
DA:93,6
DA:94,12
DA:95,6
DA:99,5
DA:100,10
DA:102,5
DA:104,10
DA:107,15
DA:108,5
DA:112,5
DA:114,15
DA:115,15
DA:116,0
DA:119,5
DA:121,10
DA:122,15
DA:123,5
DA:124,5
DA:127,6
DA:129,6
DA:131,0
DA:132,0
DA:136,0
DA:137,0
DA:139,6
DA:141,6
DA:144,0
DA:147,0
DA:149,0
DA:152,0
DA:154,0
DA:155,0
DA:156,0
DA:157,0
DA:158,0
DA:160,0
LF:59
LH:44
end_of_record
SF:/Users/mind/Github/pureflow/packages/pureflow/lib/src/internal/state/dependency_node.dart
DA:31,8
LF:1
LH:1
end_of_record
SF:/Users/mind/Github/pureflow/packages/pureflow/lib/src/internal/state/listener_node.dart
DA:15,8
LF:1
LH:1
end_of_record
SF:/Users/mind/Github/pureflow/packages/pureflow/lib/src/internal/state/reactive_subscription.dart
DA:34,6
DA:40,6
DA:42,18
DA:43,1
DA:47,12
DA:48,12
DA:51,0
DA:60,6
DA:61,24
DA:62,24
DA:67,3
DA:68,3
DA:69,3
DA:70,4
DA:71,3
DA:72,3
DA:75,4
DA:77,4
DA:78,4
DA:79,8
DA:80,5
DA:85,1
DA:87,1
DA:90,1
DA:93,1
DA:95,1
DA:98,1
DA:100,2
DA:101,3
DA:104,1
DA:106,4
DA:109,1
DA:110,2
DA:112,1
DA:114,1
DA:115,1
DA:116,2
DA:117,0
DA:118,1
DA:119,1
DA:122,1
LF:41
LH:39
end_of_record
