SF:lib\src\store.dart
DA:20,2
LF:1
LH:1
end_of_record
SF:lib\src\common\bit_flags.dart
DA:6,5
DA:7,10
DA:9,5
DA:10,5
DA:12,5
DA:13,10
LF:6
LH:6
end_of_record
SF:lib\src\common\synchronous_future.dart
DA:23,4
DA:26,0
DA:27,0
DA:29,0
DA:32,3
DA:34,6
DA:35,3
DA:36,3
DA:39,0
DA:41,0
DA:43,2
DA:46,2
DA:47,2
DA:49,0
LF:14
LH:8
end_of_record
SF:lib\src\implementation\state\computed_impl.dart
DA:13,3
DA:21,3
DA:24,3
DA:27,3
DA:28,1
DA:32,3
DA:33,3
DA:37,3
DA:40,3
DA:44,3
DA:48,3
DA:51,3
DA:53,6
DA:54,6
DA:57,3
DA:60,3
DA:61,3
DA:64,3
DA:65,3
DA:66,2
DA:71,6
DA:74,3
DA:80,9
DA:84,3
DA:85,12
DA:90,3
DA:92,6
DA:93,3
DA:94,6
DA:95,3
DA:96,3
DA:99,3
DA:100,3
DA:106,3
DA:107,3
DA:111,3
DA:112,3
DA:115,3
DA:116,6
DA:117,3
DA:121,3
DA:125,0
DA:127,3
DA:128,4
DA:132,3
DA:140,3
DA:143,1
DA:151,2
DA:152,1
DA:154,1
DA:157,3
DA:160,6
DA:161,9
DA:162,3
DA:163,3
DA:164,3
DA:167,0
DA:169,0
DA:171,0
DA:172,0
DA:174,0
DA:175,0
DA:177,0
LF:63
LH:55
end_of_record
SF:lib\src\implementation\pipeline\pipeline.dart
DA:16,2
DA:18,2
DA:23,2
DA:28,2
DA:29,4
DA:30,2
DA:33,2
DA:36,2
DA:44,2
DA:47,4
LF:10
LH:10
end_of_record
SF:lib\src\implementation\pipeline\pipeline_event_context.dart
DA:14,2
DA:21,1
DA:22,3
DA:25,2
DA:26,2
DA:28,2
DA:29,2
LF:7
LH:7
end_of_record
SF:lib\src\internal\pipeline\task_stream.dart
DA:24,2
DA:25,2
DA:28,2
DA:30,2
DA:31,6
DA:32,4
DA:35,2
DA:39,1
DA:41,1
DA:42,1
DA:43,1
DA:46,2
DA:48,2
DA:49,2
DA:50,2
DA:51,2
DA:55,1
DA:57,1
DA:58,1
DA:60,2
DA:61,1
DA:63,1
DA:66,2
DA:69,2
DA:72,4
DA:73,6
DA:76,2
DA:79,3
DA:80,2
DA:82,4
DA:83,2
DA:91,2
DA:92,2
DA:93,2
DA:95,2
DA:96,2
DA:100,1
DA:103,1
DA:104,2
DA:105,2
DA:108,1
DA:109,1
DA:112,1
DA:113,1
DA:114,1
DA:119,2
DA:120,2
DA:121,2
DA:123,2
DA:124,1
DA:125,1
DA:126,1
DA:127,1
DA:128,1
DA:134,2
DA:135,10
DA:138,2
DA:142,2
DA:146,2
DA:147,2
DA:150,2
DA:151,2
DA:152,2
LF:63
LH:63
end_of_record
SF:lib\src\internal\state\reactive_source.dart
DA:44,0
DA:46,0
DA:52,1
DA:55,1
DA:56,2
DA:57,1
DA:58,0
DA:60,1
DA:63,1
DA:65,1
DA:66,2
DA:67,1
DA:73,1
DA:75,1
DA:76,1
DA:79,0
DA:81,1
DA:84,0
DA:92,3
DA:94,6
DA:95,3
DA:96,6
DA:98,3
DA:101,3
DA:103,3
DA:104,3
DA:107,3
DA:109,3
DA:112,1
DA:114,3
DA:115,3
DA:124,0
DA:128,3
DA:130,3
DA:133,3
DA:134,3
DA:136,3
DA:138,3
DA:139,6
DA:140,2
DA:141,0
DA:143,4
DA:144,2
DA:145,4
DA:146,2
DA:152,3
DA:156,3
DA:162,3
DA:163,6
DA:164,3
DA:166,3
DA:167,4
DA:169,3
DA:170,3
DA:173,3
DA:181,3
DA:184,6
DA:185,9
DA:188,4
DA:189,2
DA:192,6
DA:193,6
DA:196,9
DA:203,0
DA:210,0
DA:212,0
DA:219,3
DA:222,6
DA:223,9
DA:224,3
DA:225,3
DA:226,3
LF:72
LH:62
end_of_record
SF:lib\src\implementation\state\store_impl.dart
DA:11,3
DA:16,3
DA:22,3
DA:24,3
DA:27,3
DA:31,3
DA:33,6
DA:35,6
DA:37,3
DA:40,3
DA:41,1
DA:42,1
DA:44,3
DA:45,3
DA:47,3
DA:53,3
DA:56,2
DA:58,6
DA:60,0
DA:61,0
DA:69,1
DA:70,1
DA:72,1
DA:74,3
DA:78,1
DA:81,1
DA:83,2
DA:84,2
DA:85,1
DA:86,2
DA:87,1
DA:89,2
LF:32
LH:30
end_of_record
SF:lib\src\internal\pipeline\single_event_stream.dart
DA:23,2
DA:25,2
DA:32,2
DA:33,2
DA:34,2
DA:57,2
DA:63,4
DA:66,2
DA:67,2
DA:70,8
DA:71,2
DA:72,4
DA:73,2
DA:76,1
DA:77,1
DA:78,1
DA:84,1
DA:85,1
DA:86,1
DA:89,1
DA:90,2
DA:91,1
DA:94,0
DA:98,2
DA:102,2
DA:103,4
DA:105,2
DA:107,2
DA:108,2
DA:110,2
DA:111,4
DA:112,4
DA:115,2
DA:116,4
DA:117,2
DA:118,2
DA:120,2
DA:123,2
DA:124,2
DA:125,0
DA:126,0
DA:127,0
DA:128,0
DA:130,2
DA:132,2
DA:133,2
DA:134,2
DA:137,1
DA:141,1
DA:142,1
DA:144,1
DA:146,1
DA:147,0
DA:150,1
DA:152,1
DA:158,2
DA:160,2
DA:161,2
DA:162,4
DA:164,2
DA:165,4
DA:167,2
DA:168,4
DA:169,0
DA:170,0
DA:172,2
DA:173,2
DA:176,2
DA:177,2
DA:179,2
DA:180,2
DA:181,2
DA:184,2
DA:186,2
DA:187,2
DA:188,0
DA:190,4
DA:191,4
DA:192,2
DA:193,2
DA:196,0
DA:198,0
DA:201,0
DA:204,0
DA:206,0
DA:209,0
DA:211,0
DA:212,0
DA:213,0
DA:214,0
DA:217,0
DA:219,0
DA:220,0
DA:221,0
DA:222,0
DA:225,2
DA:227,2
DA:229,0
DA:230,0
DA:234,0
DA:235,0
DA:237,2
DA:239,2
DA:240,2
DA:241,0
DA:243,0
DA:245,0
DA:247,2
DA:249,2
DA:251,6
DA:252,4
DA:255,2
DA:257,2
DA:258,2
DA:259,2
DA:260,1
DA:261,2
DA:262,1
DA:263,1
DA:265,2
DA:266,2
DA:268,1
DA:271,1
DA:273,1
DA:274,1
DA:275,1
DA:276,0
DA:277,0
DA:278,0
DA:280,0
DA:281,0
DA:283,0
DA:292,2
DA:294,1
DA:296,2
DA:297,1
DA:298,0
DA:301,2
DA:304,0
DA:306,0
DA:307,0
LF:141
LH:100
end_of_record
SF:lib\src\internal\pipeline\source_stream.dart
DA:20,2
DA:22,2
DA:29,2
DA:30,2
DA:47,2
DA:52,2
DA:55,2
DA:57,4
DA:58,4
DA:60,6
DA:61,2
DA:64,2
DA:65,6
DA:67,4
DA:70,4
DA:73,4
DA:74,2
DA:79,6
DA:80,6
DA:81,6
DA:82,4
DA:83,2
DA:90,6
DA:92,4
DA:94,2
DA:97,2
DA:98,4
DA:100,2
DA:102,4
DA:105,6
DA:106,2
DA:110,2
DA:112,6
DA:113,6
DA:114,0
DA:117,2
DA:119,4
DA:120,6
DA:121,2
DA:122,2
DA:125,2
DA:127,2
DA:129,0
DA:130,0
DA:134,0
DA:135,0
DA:137,2
DA:139,2
DA:142,0
DA:145,0
DA:147,0
DA:150,0
DA:152,0
DA:153,0
DA:154,0
DA:155,0
DA:156,0
DA:158,0
LF:58
LH:43
end_of_record
SF:lib\src\internal\state\dependency_node.dart
DA:39,3
DA:47,3
DA:55,3
DA:57,3
DA:58,3
DA:59,3
DA:60,3
DA:61,3
DA:62,3
DA:63,3
DA:64,3
DA:67,3
DA:71,3
DA:74,3
LF:14
LH:14
end_of_record
SF:lib\src\internal\state\globals.dart
DA:28,3
LF:1
LH:1
end_of_record
SF:lib\src\internal\state\listener_node.dart
DA:15,1
LF:1
LH:1
end_of_record
SF:lib\src\internal\state\reactive_subscription.dart
DA:26,1
DA:33,3
DA:34,0
DA:38,2
DA:39,3
DA:40,4
DA:43,3
DA:55,0
DA:56,0
DA:57,0
DA:58,0
DA:59,0
DA:60,0
DA:63,1
DA:65,1
DA:66,1
DA:67,3
DA:68,1
DA:73,0
DA:75,0
DA:78,0
DA:81,0
DA:83,0
DA:86,0
DA:88,0
DA:89,0
DA:92,0
DA:93,0
DA:95,0
DA:96,0
DA:98,0
DA:100,0
DA:101,0
DA:102,0
DA:103,0
DA:104,0
DA:105,0
DA:108,0
LF:38
LH:11
end_of_record
